<?xml version="1.0" encoding="UTF-8"?>
<!-- Generated by org.testng.reporters.JUnitReportReporter -->
<testsuite skipped="0" hostname="INCHEDTDM1800" name="package1.Rules_List" tests="1" failures="0" timestamp="04 May 2018 11:51:14 GMT" time="15.223" errors="0">
  <testcase name="Screen" time="15.223" classname="package1.Rules_List"/>
</testsuite> <!-- package1.Rules_List -->
