<?xml version="1.0" encoding="UTF-8"?>
<!-- Generated by org.testng.reporters.JUnitReportReporter -->
<testsuite skipped="0" hostname="INCHEDTDM1800" name="package1.Create_Rule" tests="1" failures="0" timestamp="10 May 2018 05:31:46 GMT" time="30.593" errors="0">
  <testcase name="Screen" time="30.593" classname="package1.Create_Rule"/>
</testsuite> <!-- package1.Create_Rule -->
