<?xml version="1.0" encoding="UTF-8"?>
<!-- Generated by org.testng.reporters.JUnitReportReporter -->
<testsuite skipped="0" hostname="INCHEDTDM1800" name="package1.Booking_Search" tests="1" failures="0" timestamp="10 May 2018 05:31:46 GMT" time="79.585" errors="0">
  <testcase name="Screen" time="79.585" classname="package1.Booking_Search"/>
</testsuite> <!-- package1.Booking_Search -->
