<?xml version="1.0" encoding="UTF-8"?>
<!-- Generated by org.testng.reporters.JUnitReportReporter -->
<testsuite skipped="0" hostname="INCHEDTDM1800" name="package1.Rules_List" tests="1" failures="0" timestamp="10 May 2018 05:31:46 GMT" time="11.411" errors="0">
  <testcase name="Screen" time="11.411" classname="package1.Rules_List"/>
</testsuite> <!-- package1.Rules_List -->
