<?xml version="1.0" encoding="UTF-8"?>
<!-- Generated by org.testng.reporters.JUnitReportReporter -->
<testsuite skipped="0" hostname="INCHEDTDM1800" name="package1.Create_Rule" tests="1" failures="0" timestamp="04 May 2018 11:51:14 GMT" time="32.468" errors="0">
  <testcase name="Screen" time="32.468" classname="package1.Create_Rule"/>
</testsuite> <!-- package1.Create_Rule -->
